<?xml version="1.0" encoding="UTF-8"?>
<testng-results ignored="0" total="3" passed="3" failed="0" skipped="0">
  <reporter-output>
  </reporter-output>
  <suite started-at="2024-03-18T10:37:11 IST" name="Default suite" finished-at="2024-03-18T10:38:25 IST" duration-ms="73656">
    <groups>
    </groups>
    <test started-at="2024-03-18T10:37:11 IST" name="Default test" finished-at="2024-03-18T10:38:25 IST" duration-ms="73656">
      <class name="basic.FetchingData">
        <test-method signature="register([Ljava.lang.String;)[pri:0, instance:basic.FetchingData@15aab8c6]" started-at="2024-03-18T10:37:13 IST" name="register" data-provider="testData" finished-at="2024-03-18T10:37:39 IST" duration-ms="25275" status="PASS">
          <params>
            <param index="0">
              <value>
                <![CDATA[[Ljava.lang.String;@79b84841]]>
              </value>
            </param>
          </params>
          <reporter-output>
          </reporter-output>
        </test-method> <!-- register -->
        <test-method signature="register([Ljava.lang.String;)[pri:0, instance:basic.FetchingData@15aab8c6]" started-at="2024-03-18T10:37:39 IST" name="register" data-provider="testData" finished-at="2024-03-18T10:38:01 IST" duration-ms="22658" status="PASS">
          <params>
            <param index="0">
              <value>
                <![CDATA[[Ljava.lang.String;@4d41ba0f]]>
              </value>
            </param>
          </params>
          <reporter-output>
          </reporter-output>
        </test-method> <!-- register -->
        <test-method signature="register([Ljava.lang.String;)[pri:0, instance:basic.FetchingData@15aab8c6]" started-at="2024-03-18T10:38:01 IST" name="register" data-provider="testData" finished-at="2024-03-18T10:38:25 IST" duration-ms="23537" status="PASS">
          <params>
            <param index="0">
              <value>
                <![CDATA[[Ljava.lang.String;@3ee0b4f7]]>
              </value>
            </param>
          </params>
          <reporter-output>
          </reporter-output>
        </test-method> <!-- register -->
      </class> <!-- basic.FetchingData -->
    </test> <!-- Default test -->
  </suite> <!-- Default suite -->
</testng-results>
