<?xml version="1.0" encoding="UTF-8"?>
<!-- Generated by org.testng.reporters.JUnitXMLReporter -->
<testsuite ignored="0" hostname="DESKTOP-8PDR25K" failures="0" tests="3" name="Default test" time="73.656" errors="0" timestamp="2024-03-18T10:38:25 IST">
  <testcase classname="basic.FetchingData" name="register" time="25.275"/>
  <testcase classname="basic.FetchingData" name="register" time="22.658"/>
  <testcase classname="basic.FetchingData" name="register" time="23.537"/>
</testsuite> <!-- Default test -->
